[ 2013-05-22T01:12:47+08:00 ] 127.0.0.1 /ik/index.php?app=admin&m=cache&a=index
NOTIC: [8] Constant MODULE_NAME already defined D:\APMServ5.2.6\www\htdocs\ik\core\Lib\Core\Dispatcher.class.php 第 159 行.
NOTIC: [8] Constant ACTION_NAME already defined D:\APMServ5.2.6\www\htdocs\ik\core\Lib\Core\Dispatcher.class.php 第 160 行.
INFO: [ app_begin ] --START--
INFO: Run ReadHtmlCache Behavior [ RunTime:0.001598s ]
INFO: Run load_lang Behavior [ RunTime:0.005515s ]
INFO: [ app_begin ] --END-- [ RunTime:0.007503s ]
SQL: SHOW COLUMNS FROM `ik_setting` [ RunTime:0.003999s ]
SQL: SELECT `name`,`data` FROM `ik_setting`  [ RunTime:0.001720s ]
NOTIC: [8] unserialize() [<a href='function.unserialize'>function.unserialize</a>]: Error at offset 0 of 9 bytes D:\APMServ5.2.6\www\htdocs\ik\apps\admin\Lib\Model\settingModel.class.php 第 16 行.
NOTIC: [8] unserialize() [<a href='function.unserialize'>function.unserialize</a>]: Error at offset 0 of 27 bytes D:\APMServ5.2.6\www\htdocs\ik\apps\admin\Lib\Model\settingModel.class.php 第 16 行.
NOTIC: [8] unserialize() [<a href='function.unserialize'>function.unserialize</a>]: Error at offset 0 of 20 bytes D:\APMServ5.2.6\www\htdocs\ik\apps\admin\Lib\Model\settingModel.class.php 第 16 行.
NOTIC: [8] unserialize() [<a href='function.unserialize'>function.unserialize</a>]: Error at offset 0 of 15 bytes D:\APMServ5.2.6\www\htdocs\ik\apps\admin\Lib\Model\settingModel.class.php 第 16 行.
NOTIC: [8] unserialize() [<a href='function.unserialize'>function.unserialize</a>]: Error at offset 0 of 15 bytes D:\APMServ5.2.6\www\htdocs\ik\apps\admin\Lib\Model\settingModel.class.php 第 16 行.
NOTIC: [8] unserialize() [<a href='function.unserialize'>function.unserialize</a>]: Error at offset 0 of 4 bytes D:\APMServ5.2.6\www\htdocs\ik\apps\admin\Lib\Model\settingModel.class.php 第 16 行.
NOTIC: [8] unserialize() [<a href='function.unserialize'>function.unserialize</a>]: Error at offset 0 of 37 bytes D:\APMServ5.2.6\www\htdocs\ik\apps\admin\Lib\Model\settingModel.class.php 第 16 行.
NOTIC: [8] unserialize() [<a href='function.unserialize'>function.unserialize</a>]: Error at offset 0 of 4 bytes D:\APMServ5.2.6\www\htdocs\ik\apps\admin\Lib\Model\settingModel.class.php 第 16 行.
NOTIC: [8] unserialize() [<a href='function.unserialize'>function.unserialize</a>]: Error at offset 0 of 1 bytes D:\APMServ5.2.6\www\htdocs\ik\apps\admin\Lib\Model\settingModel.class.php 第 16 行.
NOTIC: [8] unserialize() [<a href='function.unserialize'>function.unserialize</a>]: Error at offset 0 of 1 bytes D:\APMServ5.2.6\www\htdocs\ik\apps\admin\Lib\Model\settingModel.class.php 第 16 行.
NOTIC: [8] unserialize() [<a href='function.unserialize'>function.unserialize</a>]: Error at offset 0 of 1 bytes D:\APMServ5.2.6\www\htdocs\ik\apps\admin\Lib\Model\settingModel.class.php 第 16 行.
NOTIC: [8] unserialize() [<a href='function.unserialize'>function.unserialize</a>]: Error at offset 0 of 5 bytes D:\APMServ5.2.6\www\htdocs\ik\apps\admin\Lib\Model\settingModel.class.php 第 16 行.
NOTIC: [8] unserialize() [<a href='function.unserialize'>function.unserialize</a>]: Error at offset 0 of 7 bytes D:\APMServ5.2.6\www\htdocs\ik\apps\admin\Lib\Model\settingModel.class.php 第 16 行.
NOTIC: [8] unserialize() [<a href='function.unserialize'>function.unserialize</a>]: Error at offset 0 of 19 bytes D:\APMServ5.2.6\www\htdocs\ik\apps\admin\Lib\Model\settingModel.class.php 第 16 行.
NOTIC: [8] unserialize() [<a href='function.unserialize'>function.unserialize</a>]: Error at offset 0 of 16 bytes D:\APMServ5.2.6\www\htdocs\ik\apps\admin\Lib\Model\settingModel.class.php 第 16 行.
NOTIC: [8] unserialize() [<a href='function.unserialize'>function.unserialize</a>]: Error at offset 0 of 4 bytes D:\APMServ5.2.6\www\htdocs\ik\apps\admin\Lib\Model\settingModel.class.php 第 16 行.
NOTIC: [8] unserialize() [<a href='function.unserialize'>function.unserialize</a>]: Error at offset 0 of 12 bytes D:\APMServ5.2.6\www\htdocs\ik\apps\admin\Lib\Model\settingModel.class.php 第 16 行.
INFO: [ view_template ] --START--
INFO: Run LocationTemplate Behavior [ RunTime:0.002430s ]
INFO: [ view_template ] --END-- [ RunTime:0.002556s ]
INFO: [ view_parse ] --START--
NOTIC: [8] Use of undefined constant id - assumed 'id' D:\APMServ5.2.6\www\htdocs\ik\data\runtime\Cache\da393223496fa15f6d183983c162d748.php 第 24 行.
NOTIC: [8] Use of undefined constant name - assumed 'name' D:\APMServ5.2.6\www\htdocs\ik\data\runtime\Cache\da393223496fa15f6d183983c162d748.php 第 25 行.
NOTIC: [8] Use of undefined constant desc - assumed 'desc' D:\APMServ5.2.6\www\htdocs\ik\data\runtime\Cache\da393223496fa15f6d183983c162d748.php 第 26 行.
NOTIC: [8] Use of undefined constant id - assumed 'id' D:\APMServ5.2.6\www\htdocs\ik\data\runtime\Cache\da393223496fa15f6d183983c162d748.php 第 28 行.
NOTIC: [8] Use of undefined constant id - assumed 'id' D:\APMServ5.2.6\www\htdocs\ik\data\runtime\Cache\da393223496fa15f6d183983c162d748.php 第 24 行.
NOTIC: [8] Use of undefined constant name - assumed 'name' D:\APMServ5.2.6\www\htdocs\ik\data\runtime\Cache\da393223496fa15f6d183983c162d748.php 第 25 行.
NOTIC: [8] Use of undefined constant desc - assumed 'desc' D:\APMServ5.2.6\www\htdocs\ik\data\runtime\Cache\da393223496fa15f6d183983c162d748.php 第 26 行.
NOTIC: [8] Use of undefined constant id - assumed 'id' D:\APMServ5.2.6\www\htdocs\ik\data\runtime\Cache\da393223496fa15f6d183983c162d748.php 第 28 行.
NOTIC: [8] Use of undefined constant id - assumed 'id' D:\APMServ5.2.6\www\htdocs\ik\data\runtime\Cache\da393223496fa15f6d183983c162d748.php 第 24 行.
NOTIC: [8] Use of undefined constant name - assumed 'name' D:\APMServ5.2.6\www\htdocs\ik\data\runtime\Cache\da393223496fa15f6d183983c162d748.php 第 25 行.
NOTIC: [8] Use of undefined constant desc - assumed 'desc' D:\APMServ5.2.6\www\htdocs\ik\data\runtime\Cache\da393223496fa15f6d183983c162d748.php 第 26 行.
NOTIC: [8] Use of undefined constant id - assumed 'id' D:\APMServ5.2.6\www\htdocs\ik\data\runtime\Cache\da393223496fa15f6d183983c162d748.php 第 28 行.
NOTIC: [8] Use of undefined constant id - assumed 'id' D:\APMServ5.2.6\www\htdocs\ik\data\runtime\Cache\da393223496fa15f6d183983c162d748.php 第 24 行.
NOTIC: [8] Use of undefined constant name - assumed 'name' D:\APMServ5.2.6\www\htdocs\ik\data\runtime\Cache\da393223496fa15f6d183983c162d748.php 第 25 行.
NOTIC: [8] Use of undefined constant desc - assumed 'desc' D:\APMServ5.2.6\www\htdocs\ik\data\runtime\Cache\da393223496fa15f6d183983c162d748.php 第 26 行.
NOTIC: [8] Use of undefined constant id - assumed 'id' D:\APMServ5.2.6\www\htdocs\ik\data\runtime\Cache\da393223496fa15f6d183983c162d748.php 第 28 行.
NOTIC: [8] Use of undefined constant id - assumed 'id' D:\APMServ5.2.6\www\htdocs\ik\data\runtime\Cache\da393223496fa15f6d183983c162d748.php 第 24 行.
NOTIC: [8] Use of undefined constant name - assumed 'name' D:\APMServ5.2.6\www\htdocs\ik\data\runtime\Cache\da393223496fa15f6d183983c162d748.php 第 25 行.
NOTIC: [8] Use of undefined constant desc - assumed 'desc' D:\APMServ5.2.6\www\htdocs\ik\data\runtime\Cache\da393223496fa15f6d183983c162d748.php 第 26 行.
NOTIC: [8] Use of undefined constant id - assumed 'id' D:\APMServ5.2.6\www\htdocs\ik\data\runtime\Cache\da393223496fa15f6d183983c162d748.php 第 28 行.
NOTIC: [8] Use of undefined constant id - assumed 'id' D:\APMServ5.2.6\www\htdocs\ik\data\runtime\Cache\da393223496fa15f6d183983c162d748.php 第 24 行.
NOTIC: [8] Use of undefined constant name - assumed 'name' D:\APMServ5.2.6\www\htdocs\ik\data\runtime\Cache\da393223496fa15f6d183983c162d748.php 第 25 行.
NOTIC: [8] Use of undefined constant desc - assumed 'desc' D:\APMServ5.2.6\www\htdocs\ik\data\runtime\Cache\da393223496fa15f6d183983c162d748.php 第 26 行.
NOTIC: [8] Use of undefined constant id - assumed 'id' D:\APMServ5.2.6\www\htdocs\ik\data\runtime\Cache\da393223496fa15f6d183983c162d748.php 第 28 行.
INFO: Run ParseTemplate Behavior [ RunTime:0.062084s ]
INFO: [ view_parse ] --END-- [ RunTime:0.062221s ]
INFO: [ view_filter ] --START--
INFO: Run ContentReplace Behavior [ RunTime:0.001578s ]
INFO: Run TokenBuild Behavior [ RunTime:0.001497s ]
INFO: Run WriteHtmlCache Behavior [ RunTime:0.001646s ]
INFO: Run ShowRuntime Behavior [ RunTime:0.001724s ]
INFO: Run content_replace Behavior [ RunTime:0.003453s ]
INFO: [ view_filter ] --END-- [ RunTime:0.010331s ]
INFO: [ view_end ] --START--
INFO: Run ShowPageTrace Behavior [ RunTime:0.001346s ]
INFO: [ view_end ] --END-- [ RunTime:0.001443s ]

[ 2013-05-22T01:13:21+08:00 ] 127.0.0.1 /ik/
NOTIC: [8] Constant MODULE_NAME already defined D:\APMServ5.2.6\www\htdocs\ik\core\Lib\Core\Dispatcher.class.php 第 159 行.
NOTIC: [8] Constant ACTION_NAME already defined D:\APMServ5.2.6\www\htdocs\ik\core\Lib\Core\Dispatcher.class.php 第 160 行.
INFO: [ app_begin ] --START--
INFO: Run ReadHtmlCache Behavior [ RunTime:0.000475s ]
INFO: Run load_lang Behavior [ RunTime:0.001960s ]
INFO: [ app_begin ] --END-- [ RunTime:0.002864s ]
SQL: SHOW COLUMNS FROM `ik_user` [ RunTime:0.082855s ]
SQL: SELECT * FROM `ik_user` WHERE ( `userid` = 2 ) LIMIT 1   [ RunTime:0.001481s ]
INFO: [ view_template ] --START--
INFO: Run LocationTemplate Behavior [ RunTime:0.001555s ]
INFO: [ view_template ] --END-- [ RunTime:0.001659s ]
INFO: [ view_parse ] --START--
NOTIC: [8] Undefined variable: seo D:\APMServ5.2.6\www\htdocs\ik\data\runtime\Cache\eddef1119596b02a22f5b275fd7760a0.php 第 5 行.
NOTIC: [8] Undefined variable: seo D:\APMServ5.2.6\www\htdocs\ik\data\runtime\Cache\eddef1119596b02a22f5b275fd7760a0.php 第 5 行.
NOTIC: [8] Undefined variable: seo D:\APMServ5.2.6\www\htdocs\ik\data\runtime\Cache\eddef1119596b02a22f5b275fd7760a0.php 第 6 行.
NOTIC: [8] Undefined variable: seo D:\APMServ5.2.6\www\htdocs\ik\data\runtime\Cache\eddef1119596b02a22f5b275fd7760a0.php 第 7 行.
INFO: Run ParseTemplate Behavior [ RunTime:0.313696s ]
INFO: [ view_parse ] --END-- [ RunTime:0.313820s ]
INFO: [ view_filter ] --START--
INFO: Run ContentReplace Behavior [ RunTime:0.000640s ]
INFO: Run TokenBuild Behavior [ RunTime:0.002149s ]
INFO: Run WriteHtmlCache Behavior [ RunTime:0.000407s ]
INFO: Run ShowRuntime Behavior [ RunTime:0.000441s ]
INFO: Run content_replace Behavior [ RunTime:0.002263s ]
INFO: [ view_filter ] --END-- [ RunTime:0.006376s ]
INFO: [ view_end ] --START--
INFO: Run ShowPageTrace Behavior [ RunTime:0.000435s ]
INFO: [ view_end ] --END-- [ RunTime:0.000531s ]

